# JRE version: Java(TM) SE Runtime Environment (21.0.2+13) (build 21.0.2+13-LTS-58)
# Java VM: Java HotSpot(TM) 64-Bit Server VM (21.0.2+13-LTS-58, mixed mode, sharing, tiered, compressed oops, compressed class ptrs, g1 gc, windows-amd64)
GC Precious Log:
 CardTable entry size: 512
 Card Set container configuration: InlinePtr #cards 4 size 8 Array Of Cards #cards 16 size 48 Howl #buckets 8 coarsen threshold 3686 Howl Bitmap #cards 512 size 80 coarsen threshold 460 Card regions per heap region 1 cards per card region 4096
 CPUs: 12 total, 12 available
 Memory: 16052M
 Large Page Support: Disabled
 NUMA Support: Disabled
 Compressed Oops: Enabled (Zero based)
 Heap Region Size: 2M
 Heap Min Capacity: 8M
 Heap Initial Capacity: 252M
 Heap Max Capacity: 4014M
 Pre-touch: Disabled
 Parallel Workers: 10
 Concurrent Workers: 3
 Concurrent Refinement Workers: 10
 Periodic GC: Disabled
Heap:
 garbage-first heap   total 258048K, used 82271K [0x0000000705200000, 0x0000000800000000)
  region size 2048K, 39 young (79872K), 2 survivors (4096K)
 Metaspace       used 9712K, committed 9920K, reserved 1114112K
  class space    used 763K, committed 832K, reserved 1048576K
GC Heap History (20 events):
Event: 108.755 GC heap before
{Heap before GC invocations=17 (full 0):
 garbage-first heap   total 258048K, used 155398K [0x0000000705200000, 0x0000000800000000)
  region size 2048K, 75 young (153600K), 2 survivors (4096K)
 Metaspace       used 9708K, committed 9920K, reserved 1114112K
  class space    used 762K, committed 832K, reserved 1048576K
}
Event: 108.759 GC heap after
{Heap after GC invocations=18 (full 0):
 garbage-first heap   total 258048K, used 6062K [0x0000000705200000, 0x0000000800000000)
  region size 2048K, 1 young (2048K), 1 survivors (2048K)
 Metaspace       used 9708K, committed 9920K, reserved 1114112K
  class space    used 762K, committed 832K, reserved 1048576K
}
Event: 115.538 GC heap before
{Heap before GC invocations=18 (full 0):
 garbage-first heap   total 258048K, used 157614K [0x0000000705200000, 0x0000000800000000)
  region size 2048K, 75 young (153600K), 1 survivors (2048K)
 Metaspace       used 9708K, committed 9920K, reserved 1114112K
  class space    used 762K, committed 832K, reserved 1048576K
}
Event: 115.542 GC heap after
{Heap after GC invocations=19 (full 0):
 garbage-first heap   total 258048K, used 6196K [0x0000000705200000, 0x0000000800000000)
  region size 2048K, 1 young (2048K), 1 survivors (2048K)
 Metaspace       used 9708K, committed 9920K, reserved 1114112K
  class space    used 762K, committed 832K, reserved 1048576K
}
Event: 123.663 GC heap before
{Heap before GC invocations=19 (full 0):
 garbage-first heap   total 258048K, used 157748K [0x0000000705200000, 0x0000000800000000)
  region size 2048K, 75 young (153600K), 1 survivors (2048K)
 Metaspace       used 9708K, committed 9920K, reserved 1114112K
  class space    used 762K, committed 832K, reserved 1048576K
}
Event: 123.666 GC heap after
{Heap after GC invocations=20 (full 0):
 garbage-first heap   total 258048K, used 6330K [0x0000000705200000, 0x0000000800000000)
  region size 2048K, 1 young (2048K), 1 survivors (2048K)
 Metaspace       used 9708K, committed 9920K, reserved 1114112K
  class space    used 762K, committed 832K, reserved 1048576K
}
Event: 132.588 GC heap before
{Heap before GC invocations=20 (full 0):
 garbage-first heap   total 258048K, used 157882K [0x0000000705200000, 0x0000000800000000)
  region size 2048K, 75 young (153600K), 1 survivors (2048K)
 Metaspace       used 9708K, committed 9920K, reserved 1114112K
  class space    used 762K, committed 832K, reserved 1048576K
}
Event: 132.590 GC heap after
{Heap after GC invocations=21 (full 0):
 garbage-first heap   total 258048K, used 6746K [0x0000000705200000, 0x0000000800000000)
  region size 2048K, 1 young (2048K), 1 survivors (2048K)
 Metaspace       used 9708K, committed 9920K, reserved 1114112K
  class space    used 762K, committed 832K, reserved 1048576K
}
Event: 139.365 GC heap before
{Heap before GC invocations=21 (full 0):
 garbage-first heap   total 258048K, used 158298K [0x0000000705200000, 0x0000000800000000)
  region size 2048K, 75 young (153600K), 1 survivors (2048K)
 Metaspace       used 9708K, committed 9920K, reserved 1114112K
  class space    used 762K, committed 832K, reserved 1048576K
}
Event: 139.366 GC heap after
{Heap after GC invocations=22 (full 0):
 garbage-first heap   total 258048K, used 6973K [0x0000000705200000, 0x0000000800000000)
  region size 2048K, 1 young (2048K), 1 survivors (2048K)
 Metaspace       used 9708K, committed 9920K, reserved 1114112K
  class space    used 762K, committed 832K, reserved 1048576K
}
Event: 145.116 GC heap before
{Heap before GC invocations=22 (full 0):
 garbage-first heap   total 258048K, used 158525K [0x0000000705200000, 0x0000000800000000)
  region size 2048K, 75 young (153600K), 1 survivors (2048K)
 Metaspace       used 9708K, committed 9920K, reserved 1114112K
  class space    used 762K, committed 832K, reserved 1048576K
}
Event: 145.118 GC heap after
{Heap after GC invocations=23 (full 0):
 garbage-first heap   total 258048K, used 7407K [0x0000000705200000, 0x0000000800000000)
  region size 2048K, 2 young (4096K), 2 survivors (4096K)
 Metaspace       used 9708K, committed 9920K, reserved 1114112K
  class space    used 762K, committed 832K, reserved 1048576K
}
Event: 151.495 GC heap before
{Heap before GC invocations=23 (full 0):
 garbage-first heap   total 258048K, used 156911K [0x0000000705200000, 0x0000000800000000)
  region size 2048K, 75 young (153600K), 2 survivors (4096K)
 Metaspace       used 9708K, committed 9920K, reserved 1114112K
  class space    used 762K, committed 832K, reserved 1048576K
}
Event: 151.497 GC heap after
{Heap after GC invocations=24 (full 0):
 garbage-first heap   total 258048K, used 7589K [0x0000000705200000, 0x0000000800000000)
  region size 2048K, 2 young (4096K), 2 survivors (4096K)
 Metaspace       used 9708K, committed 9920K, reserved 1114112K
  class space    used 762K, committed 832K, reserved 1048576K
}
Event: 158.591 GC heap before
{Heap before GC invocations=24 (full 0):
 garbage-first heap   total 258048K, used 157093K [0x0000000705200000, 0x0000000800000000)
  region size 2048K, 75 young (153600K), 2 survivors (4096K)
 Metaspace       used 9708K, committed 9920K, reserved 1114112K
  class space    used 762K, committed 832K, reserved 1048576K
}
Event: 158.593 GC heap after
{Heap after GC invocations=25 (full 0):
 garbage-first heap   total 258048K, used 8122K [0x0000000705200000, 0x0000000800000000)
  region size 2048K, 2 young (4096K), 2 survivors (4096K)
 Metaspace       used 9708K, committed 9920K, reserved 1114112K
  class space    used 762K, committed 832K, reserved 1048576K
}
Event: 165.502 GC heap before
{Heap before GC invocations=25 (full 0):
 garbage-first heap   total 258048K, used 157626K [0x0000000705200000, 0x0000000800000000)
  region size 2048K, 75 young (153600K), 2 survivors (4096K)
 Metaspace       used 9708K, committed 9920K, reserved 1114112K
  class space    used 762K, committed 832K, reserved 1048576K
}
Event: 165.506 GC heap after
{Heap after GC invocations=26 (full 0):
 garbage-first heap   total 258048K, used 8446K [0x0000000705200000, 0x0000000800000000)
  region size 2048K, 2 young (4096K), 2 survivors (4096K)
 Metaspace       used 9708K, committed 9920K, reserved 1114112K
  class space    used 762K, committed 832K, reserved 1048576K
}
Event: 173.504 GC heap before
{Heap before GC invocations=26 (full 0):
 garbage-first heap   total 258048K, used 157950K [0x0000000705200000, 0x0000000800000000)
  region size 2048K, 75 young (153600K), 2 survivors (4096K)
 Metaspace       used 9708K, committed 9920K, reserved 1114112K
  class space    used 762K, committed 832K, reserved 1048576K
}
Event: 173.512 GC heap after
{Heap after GC invocations=27 (full 0):
 garbage-first heap   total 258048K, used 8543K [0x0000000705200000, 0x0000000800000000)
  region size 2048K, 2 young (4096K), 2 survivors (4096K)
 Metaspace       used 9708K, committed 9920K, reserved 1114112K
  class space    used 762K, committed 832K, reserved 1048576K
}

